[2020-10-05 15:17:24] laravel.EMERGENCY: Unable to create configured logger. Using emergency logger. {"exception":"[object] (InvalidArgumentException(code: 0): Log [] is not defined. at /home/nguyennd/Documents/file-management/vendor/laravel/framework/src/Illuminate/Log/LogManager.php:192)
[stacktrace]
#0 /home/nguyennd/Documents/file-management/vendor/laravel/framework/src/Illuminate/Log/LogManager.php(118): Illuminate\\Log\\LogManager->resolve()
#1 /home/nguyennd/Documents/file-management/vendor/laravel/framework/src/Illuminate/Log/LogManager.php(98): Illuminate\\Log\\LogManager->get()
#2 /home/nguyennd/Documents/file-management/vendor/laravel/framework/src/Illuminate/Log/LogManager.php(547): Illuminate\\Log\\LogManager->driver()
#3 /home/nguyennd/Documents/file-management/vendor/laravel/framework/src/Illuminate/Foundation/Exceptions/Handler.php(237): Illuminate\\Log\\LogManager->error()
#4 /home/nguyennd/Documents/file-management/vendor/laravel/framework/src/Illuminate/Foundation/Console/Kernel.php(366): Illuminate\\Foundation\\Exceptions\\Handler->report()
#5 /home/nguyennd/Documents/file-management/vendor/laravel/framework/src/Illuminate/Foundation/Console/Kernel.php(131): Illuminate\\Foundation\\Console\\Kernel->reportException()
#6 /home/nguyennd/Documents/file-management/artisan(37): Illuminate\\Foundation\\Console\\Kernel->handle()
#7 {main}
"} 
[2020-10-05 15:17:24] laravel.ERROR: Unable to load the "app" configuration file. {"exception":"[object] (Exception(code: 0): Unable to load the \"app\" configuration file. at /home/nguyennd/Documents/file-management/vendor/laravel/framework/src/Illuminate/Foundation/Bootstrap/LoadConfiguration.php:68)
[stacktrace]
#0 /home/nguyennd/Documents/file-management/vendor/laravel/framework/src/Illuminate/Foundation/Bootstrap/LoadConfiguration.php(39): Illuminate\\Foundation\\Bootstrap\\LoadConfiguration->loadConfigurationFiles()
#1 /home/nguyennd/Documents/file-management/vendor/laravel/framework/src/Illuminate/Foundation/Application.php(230): Illuminate\\Foundation\\Bootstrap\\LoadConfiguration->bootstrap()
#2 /home/nguyennd/Documents/file-management/vendor/laravel/framework/src/Illuminate/Foundation/Console/Kernel.php(310): Illuminate\\Foundation\\Application->bootstrapWith()
#3 /home/nguyennd/Documents/file-management/vendor/laravel/framework/src/Illuminate/Foundation/Console/Kernel.php(127): Illuminate\\Foundation\\Console\\Kernel->bootstrap()
#4 /home/nguyennd/Documents/file-management/artisan(37): Illuminate\\Foundation\\Console\\Kernel->handle()
#5 {main}
"} 
[2020-10-05 15:18:49] laravel.EMERGENCY: Unable to create configured logger. Using emergency logger. {"exception":"[object] (InvalidArgumentException(code: 0): Log [] is not defined. at /home/nguyennd/Documents/file-management/vendor/laravel/framework/src/Illuminate/Log/LogManager.php:192)
[stacktrace]
#0 /home/nguyennd/Documents/file-management/vendor/laravel/framework/src/Illuminate/Log/LogManager.php(118): Illuminate\\Log\\LogManager->resolve()
#1 /home/nguyennd/Documents/file-management/vendor/laravel/framework/src/Illuminate/Log/LogManager.php(98): Illuminate\\Log\\LogManager->get()
#2 /home/nguyennd/Documents/file-management/vendor/laravel/framework/src/Illuminate/Log/LogManager.php(547): Illuminate\\Log\\LogManager->driver()
#3 /home/nguyennd/Documents/file-management/vendor/laravel/framework/src/Illuminate/Foundation/Exceptions/Handler.php(237): Illuminate\\Log\\LogManager->error()
#4 /home/nguyennd/Documents/file-management/vendor/laravel/framework/src/Illuminate/Foundation/Console/Kernel.php(366): Illuminate\\Foundation\\Exceptions\\Handler->report()
#5 /home/nguyennd/Documents/file-management/vendor/laravel/framework/src/Illuminate/Foundation/Console/Kernel.php(131): Illuminate\\Foundation\\Console\\Kernel->reportException()
#6 /home/nguyennd/Documents/file-management/artisan(37): Illuminate\\Foundation\\Console\\Kernel->handle()
#7 {main}
"} 
[2020-10-05 15:18:49] laravel.ERROR: Unable to load the "app" configuration file. {"exception":"[object] (Exception(code: 0): Unable to load the \"app\" configuration file. at /home/nguyennd/Documents/file-management/vendor/laravel/framework/src/Illuminate/Foundation/Bootstrap/LoadConfiguration.php:68)
[stacktrace]
#0 /home/nguyennd/Documents/file-management/vendor/laravel/framework/src/Illuminate/Foundation/Bootstrap/LoadConfiguration.php(39): Illuminate\\Foundation\\Bootstrap\\LoadConfiguration->loadConfigurationFiles()
#1 /home/nguyennd/Documents/file-management/vendor/laravel/framework/src/Illuminate/Foundation/Application.php(230): Illuminate\\Foundation\\Bootstrap\\LoadConfiguration->bootstrap()
#2 /home/nguyennd/Documents/file-management/vendor/laravel/framework/src/Illuminate/Foundation/Console/Kernel.php(310): Illuminate\\Foundation\\Application->bootstrapWith()
#3 /home/nguyennd/Documents/file-management/vendor/laravel/framework/src/Illuminate/Foundation/Console/Kernel.php(127): Illuminate\\Foundation\\Console\\Kernel->bootstrap()
#4 /home/nguyennd/Documents/file-management/artisan(37): Illuminate\\Foundation\\Console\\Kernel->handle()
#5 {main}
"} 
[2020-10-05 08:20:10] laravel.EMERGENCY: Unable to create configured logger. Using emergency logger. {"exception":"[object] (InvalidArgumentException(code: 0): Log [] is not defined. at /home/nguyennd/Documents/file-management/vendor/laravel/framework/src/Illuminate/Log/LogManager.php:192)
[stacktrace]
#0 /home/nguyennd/Documents/file-management/vendor/laravel/framework/src/Illuminate/Log/LogManager.php(118): Illuminate\\Log\\LogManager->resolve()
#1 /home/nguyennd/Documents/file-management/vendor/laravel/framework/src/Illuminate/Log/LogManager.php(98): Illuminate\\Log\\LogManager->get()
#2 /home/nguyennd/Documents/file-management/vendor/laravel/framework/src/Illuminate/Log/LogManager.php(547): Illuminate\\Log\\LogManager->driver()
#3 /home/nguyennd/Documents/file-management/vendor/laravel/framework/src/Illuminate/Foundation/Exceptions/Handler.php(237): Illuminate\\Log\\LogManager->error()
#4 /home/nguyennd/Documents/file-management/vendor/laravel/framework/src/Illuminate/Foundation/Console/Kernel.php(366): Illuminate\\Foundation\\Exceptions\\Handler->report()
#5 /home/nguyennd/Documents/file-management/vendor/laravel/framework/src/Illuminate/Foundation/Console/Kernel.php(131): Illuminate\\Foundation\\Console\\Kernel->reportException()
#6 /home/nguyennd/Documents/file-management/artisan(37): Illuminate\\Foundation\\Console\\Kernel->handle()
#7 {main}
"} 
[2020-10-05 08:20:10] laravel.ERROR: Class 'Berkayk\OneSignal\OneSignalServiceProvider' not found {"exception":"[object] (Error(code: 0): Class 'Berkayk\\OneSignal\\OneSignalServiceProvider' not found at /home/nguyennd/Documents/file-management/vendor/laravel/framework/src/Illuminate/Foundation/ProviderRepository.php:208)
[stacktrace]
#0 /home/nguyennd/Documents/file-management/vendor/laravel/framework/src/Illuminate/Foundation/ProviderRepository.php(144): Illuminate\\Foundation\\ProviderRepository->createProvider()
#1 /home/nguyennd/Documents/file-management/vendor/laravel/framework/src/Illuminate/Foundation/ProviderRepository.php(61): Illuminate\\Foundation\\ProviderRepository->compileManifest()
#2 /home/nguyennd/Documents/file-management/vendor/laravel/framework/src/Illuminate/Foundation/Application.php(604): Illuminate\\Foundation\\ProviderRepository->load()
#3 /home/nguyennd/Documents/file-management/vendor/laravel/framework/src/Illuminate/Foundation/Bootstrap/RegisterProviders.php(17): Illuminate\\Foundation\\Application->registerConfiguredProviders()
#4 /home/nguyennd/Documents/file-management/vendor/laravel/framework/src/Illuminate/Foundation/Application.php(230): Illuminate\\Foundation\\Bootstrap\\RegisterProviders->bootstrap()
#5 /home/nguyennd/Documents/file-management/vendor/laravel/framework/src/Illuminate/Foundation/Console/Kernel.php(310): Illuminate\\Foundation\\Application->bootstrapWith()
#6 /home/nguyennd/Documents/file-management/vendor/laravel/framework/src/Illuminate/Foundation/Console/Kernel.php(127): Illuminate\\Foundation\\Console\\Kernel->bootstrap()
#7 /home/nguyennd/Documents/file-management/artisan(37): Illuminate\\Foundation\\Console\\Kernel->handle()
#8 {main}
"} 
[2020-10-05 08:20:58] laravel.EMERGENCY: Unable to create configured logger. Using emergency logger. {"exception":"[object] (InvalidArgumentException(code: 0): Log [] is not defined. at /home/nguyennd/Documents/file-management/vendor/laravel/framework/src/Illuminate/Log/LogManager.php:192)
[stacktrace]
#0 /home/nguyennd/Documents/file-management/vendor/laravel/framework/src/Illuminate/Log/LogManager.php(118): Illuminate\\Log\\LogManager->resolve()
#1 /home/nguyennd/Documents/file-management/vendor/laravel/framework/src/Illuminate/Log/LogManager.php(98): Illuminate\\Log\\LogManager->get()
#2 /home/nguyennd/Documents/file-management/vendor/laravel/framework/src/Illuminate/Log/LogManager.php(547): Illuminate\\Log\\LogManager->driver()
#3 /home/nguyennd/Documents/file-management/vendor/laravel/framework/src/Illuminate/Foundation/Exceptions/Handler.php(237): Illuminate\\Log\\LogManager->error()
#4 /home/nguyennd/Documents/file-management/vendor/laravel/framework/src/Illuminate/Foundation/Console/Kernel.php(366): Illuminate\\Foundation\\Exceptions\\Handler->report()
#5 /home/nguyennd/Documents/file-management/vendor/laravel/framework/src/Illuminate/Foundation/Console/Kernel.php(131): Illuminate\\Foundation\\Console\\Kernel->reportException()
#6 /home/nguyennd/Documents/file-management/artisan(37): Illuminate\\Foundation\\Console\\Kernel->handle()
#7 {main}
"} 
[2020-10-05 08:20:58] laravel.ERROR: Cache store [] is not defined. {"exception":"[object] (InvalidArgumentException(code: 0): Cache store [] is not defined. at /home/nguyennd/Documents/file-management/vendor/laravel/framework/src/Illuminate/Cache/CacheManager.php:98)
[stacktrace]
#0 /home/nguyennd/Documents/file-management/vendor/laravel/framework/src/Illuminate/Cache/CacheManager.php(82): Illuminate\\Cache\\CacheManager->resolve()
#1 /home/nguyennd/Documents/file-management/vendor/laravel/framework/src/Illuminate/Cache/CacheManager.php(60): Illuminate\\Cache\\CacheManager->get()
#2 /home/nguyennd/Documents/file-management/vendor/laravel/framework/src/Illuminate/Cache/CacheManager.php(71): Illuminate\\Cache\\CacheManager->store()
#3 /home/nguyennd/Documents/file-management/vendor/laravel/framework/src/Illuminate/Cache/CacheServiceProvider.php(23): Illuminate\\Cache\\CacheManager->driver()
#4 /home/nguyennd/Documents/file-management/vendor/laravel/framework/src/Illuminate/Container/Container.php(805): Illuminate\\Cache\\CacheServiceProvider->Illuminate\\Cache\\{closure}()
#5 /home/nguyennd/Documents/file-management/vendor/laravel/framework/src/Illuminate/Container/Container.php(691): Illuminate\\Container\\Container->build()
#6 /home/nguyennd/Documents/file-management/vendor/laravel/framework/src/Illuminate/Foundation/Application.php(796): Illuminate\\Container\\Container->resolve()
#7 /home/nguyennd/Documents/file-management/vendor/laravel/framework/src/Illuminate/Container/Container.php(637): Illuminate\\Foundation\\Application->resolve()
#8 /home/nguyennd/Documents/file-management/vendor/laravel/framework/src/Illuminate/Foundation/Application.php(781): Illuminate\\Container\\Container->make()
#9 /home/nguyennd/Documents/file-management/vendor/laravel/framework/src/Illuminate/Container/Container.php(959): Illuminate\\Foundation\\Application->make()
#10 /home/nguyennd/Documents/file-management/vendor/laravel/framework/src/Illuminate/Container/Container.php(879): Illuminate\\Container\\Container->resolveClass()
#11 /home/nguyennd/Documents/file-management/vendor/laravel/framework/src/Illuminate/Container/Container.php(840): Illuminate\\Container\\Container->resolveDependencies()
#12 /home/nguyennd/Documents/file-management/vendor/laravel/framework/src/Illuminate/Container/Container.php(265): Illuminate\\Container\\Container->build()
#13 /home/nguyennd/Documents/file-management/vendor/laravel/framework/src/Illuminate/Container/Container.php(805): Illuminate\\Container\\Container->Illuminate\\Container\\{closure}()
#14 /home/nguyennd/Documents/file-management/vendor/laravel/framework/src/Illuminate/Container/Container.php(691): Illuminate\\Container\\Container->build()
#15 /home/nguyennd/Documents/file-management/vendor/laravel/framework/src/Illuminate/Foundation/Application.php(796): Illuminate\\Container\\Container->resolve()
#16 /home/nguyennd/Documents/file-management/vendor/laravel/framework/src/Illuminate/Container/Container.php(637): Illuminate\\Foundation\\Application->resolve()
#17 /home/nguyennd/Documents/file-management/vendor/laravel/framework/src/Illuminate/Foundation/Application.php(781): Illuminate\\Container\\Container->make()
#18 /home/nguyennd/Documents/file-management/vendor/laravel/framework/src/Illuminate/Container/Container.php(1280): Illuminate\\Foundation\\Application->make()
#19 /home/nguyennd/Documents/file-management/vendor/laravel/framework/src/Illuminate/Support/Facades/Facade.php(198): Illuminate\\Container\\Container->offsetGet()
#20 /home/nguyennd/Documents/file-management/vendor/laravel/framework/src/Illuminate/Support/Facades/Facade.php(166): Illuminate\\Support\\Facades\\Facade::resolveFacadeInstance()
#21 /home/nguyennd/Documents/file-management/vendor/laravel/framework/src/Illuminate/Support/Facades/Facade.php(255): Illuminate\\Support\\Facades\\Facade::getFacadeRoot()
#22 /home/nguyennd/Documents/file-management/vendor/laravel/laravel/app/Providers/RouteServiceProvider.php(61): Illuminate\\Support\\Facades\\Facade::__callStatic()
#23 /home/nguyennd/Documents/file-management/vendor/laravel/laravel/app/Providers/RouteServiceProvider.php(38): App\\Providers\\RouteServiceProvider->configureRateLimiting()
#24 [internal function]: App\\Providers\\RouteServiceProvider->boot()
#25 /home/nguyennd/Documents/file-management/vendor/laravel/framework/src/Illuminate/Container/BoundMethod.php(37): call_user_func_array()
#26 /home/nguyennd/Documents/file-management/vendor/laravel/framework/src/Illuminate/Container/Util.php(40): Illuminate\\Container\\BoundMethod::Illuminate\\Container\\{closure}()
#27 /home/nguyennd/Documents/file-management/vendor/laravel/framework/src/Illuminate/Container/BoundMethod.php(95): Illuminate\\Container\\Util::unwrapIfClosure()
#28 /home/nguyennd/Documents/file-management/vendor/laravel/framework/src/Illuminate/Container/BoundMethod.php(39): Illuminate\\Container\\BoundMethod::callBoundMethod()
#29 /home/nguyennd/Documents/file-management/vendor/laravel/framework/src/Illuminate/Container/Container.php(596): Illuminate\\Container\\BoundMethod::call()
#30 /home/nguyennd/Documents/file-management/vendor/laravel/framework/src/Illuminate/Foundation/Application.php(869): Illuminate\\Container\\Container->call()
#31 /home/nguyennd/Documents/file-management/vendor/laravel/framework/src/Illuminate/Foundation/Application.php(850): Illuminate\\Foundation\\Application->bootProvider()
#32 [internal function]: Illuminate\\Foundation\\Application->Illuminate\\Foundation\\{closure}()
#33 /home/nguyennd/Documents/file-management/vendor/laravel/framework/src/Illuminate/Foundation/Application.php(851): array_walk()
#34 /home/nguyennd/Documents/file-management/vendor/laravel/framework/src/Illuminate/Foundation/Bootstrap/BootProviders.php(17): Illuminate\\Foundation\\Application->boot()
#35 /home/nguyennd/Documents/file-management/vendor/laravel/framework/src/Illuminate/Foundation/Application.php(230): Illuminate\\Foundation\\Bootstrap\\BootProviders->bootstrap()
#36 /home/nguyennd/Documents/file-management/vendor/laravel/framework/src/Illuminate/Foundation/Console/Kernel.php(310): Illuminate\\Foundation\\Application->bootstrapWith()
#37 /home/nguyennd/Documents/file-management/vendor/laravel/framework/src/Illuminate/Foundation/Console/Kernel.php(127): Illuminate\\Foundation\\Console\\Kernel->bootstrap()
#38 /home/nguyennd/Documents/file-management/artisan(37): Illuminate\\Foundation\\Console\\Kernel->handle()
#39 {main}
"} 
[2020-10-05 08:21:00] laravel.EMERGENCY: Unable to create configured logger. Using emergency logger. {"exception":"[object] (InvalidArgumentException(code: 0): Log [] is not defined. at /home/nguyennd/Documents/file-management/vendor/laravel/framework/src/Illuminate/Log/LogManager.php:192)
[stacktrace]
#0 /home/nguyennd/Documents/file-management/vendor/laravel/framework/src/Illuminate/Log/LogManager.php(118): Illuminate\\Log\\LogManager->resolve()
#1 /home/nguyennd/Documents/file-management/vendor/laravel/framework/src/Illuminate/Log/LogManager.php(98): Illuminate\\Log\\LogManager->get()
#2 /home/nguyennd/Documents/file-management/vendor/laravel/framework/src/Illuminate/Log/LogManager.php(547): Illuminate\\Log\\LogManager->driver()
#3 /home/nguyennd/Documents/file-management/vendor/laravel/framework/src/Illuminate/Foundation/Exceptions/Handler.php(237): Illuminate\\Log\\LogManager->error()
#4 /home/nguyennd/Documents/file-management/vendor/laravel/framework/src/Illuminate/Foundation/Console/Kernel.php(366): Illuminate\\Foundation\\Exceptions\\Handler->report()
#5 /home/nguyennd/Documents/file-management/vendor/laravel/framework/src/Illuminate/Foundation/Console/Kernel.php(131): Illuminate\\Foundation\\Console\\Kernel->reportException()
#6 /home/nguyennd/Documents/file-management/artisan(37): Illuminate\\Foundation\\Console\\Kernel->handle()
#7 {main}
"} 
[2020-10-05 08:21:00] laravel.ERROR: Cache store [] is not defined. {"exception":"[object] (InvalidArgumentException(code: 0): Cache store [] is not defined. at /home/nguyennd/Documents/file-management/vendor/laravel/framework/src/Illuminate/Cache/CacheManager.php:98)
[stacktrace]
#0 /home/nguyennd/Documents/file-management/vendor/laravel/framework/src/Illuminate/Cache/CacheManager.php(82): Illuminate\\Cache\\CacheManager->resolve()
#1 /home/nguyennd/Documents/file-management/vendor/laravel/framework/src/Illuminate/Cache/CacheManager.php(60): Illuminate\\Cache\\CacheManager->get()
#2 /home/nguyennd/Documents/file-management/vendor/laravel/framework/src/Illuminate/Cache/CacheManager.php(71): Illuminate\\Cache\\CacheManager->store()
#3 /home/nguyennd/Documents/file-management/vendor/laravel/framework/src/Illuminate/Cache/CacheServiceProvider.php(23): Illuminate\\Cache\\CacheManager->driver()
#4 /home/nguyennd/Documents/file-management/vendor/laravel/framework/src/Illuminate/Container/Container.php(805): Illuminate\\Cache\\CacheServiceProvider->Illuminate\\Cache\\{closure}()
#5 /home/nguyennd/Documents/file-management/vendor/laravel/framework/src/Illuminate/Container/Container.php(691): Illuminate\\Container\\Container->build()
#6 /home/nguyennd/Documents/file-management/vendor/laravel/framework/src/Illuminate/Foundation/Application.php(796): Illuminate\\Container\\Container->resolve()
#7 /home/nguyennd/Documents/file-management/vendor/laravel/framework/src/Illuminate/Container/Container.php(637): Illuminate\\Foundation\\Application->resolve()
#8 /home/nguyennd/Documents/file-management/vendor/laravel/framework/src/Illuminate/Foundation/Application.php(781): Illuminate\\Container\\Container->make()
#9 /home/nguyennd/Documents/file-management/vendor/laravel/framework/src/Illuminate/Container/Container.php(959): Illuminate\\Foundation\\Application->make()
#10 /home/nguyennd/Documents/file-management/vendor/laravel/framework/src/Illuminate/Container/Container.php(879): Illuminate\\Container\\Container->resolveClass()
#11 /home/nguyennd/Documents/file-management/vendor/laravel/framework/src/Illuminate/Container/Container.php(840): Illuminate\\Container\\Container->resolveDependencies()
#12 /home/nguyennd/Documents/file-management/vendor/laravel/framework/src/Illuminate/Container/Container.php(265): Illuminate\\Container\\Container->build()
#13 /home/nguyennd/Documents/file-management/vendor/laravel/framework/src/Illuminate/Container/Container.php(805): Illuminate\\Container\\Container->Illuminate\\Container\\{closure}()
#14 /home/nguyennd/Documents/file-management/vendor/laravel/framework/src/Illuminate/Container/Container.php(691): Illuminate\\Container\\Container->build()
#15 /home/nguyennd/Documents/file-management/vendor/laravel/framework/src/Illuminate/Foundation/Application.php(796): Illuminate\\Container\\Container->resolve()
#16 /home/nguyennd/Documents/file-management/vendor/laravel/framework/src/Illuminate/Container/Container.php(637): Illuminate\\Foundation\\Application->resolve()
#17 /home/nguyennd/Documents/file-management/vendor/laravel/framework/src/Illuminate/Foundation/Application.php(781): Illuminate\\Container\\Container->make()
#18 /home/nguyennd/Documents/file-management/vendor/laravel/framework/src/Illuminate/Container/Container.php(1280): Illuminate\\Foundation\\Application->make()
#19 /home/nguyennd/Documents/file-management/vendor/laravel/framework/src/Illuminate/Support/Facades/Facade.php(198): Illuminate\\Container\\Container->offsetGet()
#20 /home/nguyennd/Documents/file-management/vendor/laravel/framework/src/Illuminate/Support/Facades/Facade.php(166): Illuminate\\Support\\Facades\\Facade::resolveFacadeInstance()
#21 /home/nguyennd/Documents/file-management/vendor/laravel/framework/src/Illuminate/Support/Facades/Facade.php(255): Illuminate\\Support\\Facades\\Facade::getFacadeRoot()
#22 /home/nguyennd/Documents/file-management/vendor/laravel/laravel/app/Providers/RouteServiceProvider.php(61): Illuminate\\Support\\Facades\\Facade::__callStatic()
#23 /home/nguyennd/Documents/file-management/vendor/laravel/laravel/app/Providers/RouteServiceProvider.php(38): App\\Providers\\RouteServiceProvider->configureRateLimiting()
#24 [internal function]: App\\Providers\\RouteServiceProvider->boot()
#25 /home/nguyennd/Documents/file-management/vendor/laravel/framework/src/Illuminate/Container/BoundMethod.php(37): call_user_func_array()
#26 /home/nguyennd/Documents/file-management/vendor/laravel/framework/src/Illuminate/Container/Util.php(40): Illuminate\\Container\\BoundMethod::Illuminate\\Container\\{closure}()
#27 /home/nguyennd/Documents/file-management/vendor/laravel/framework/src/Illuminate/Container/BoundMethod.php(95): Illuminate\\Container\\Util::unwrapIfClosure()
#28 /home/nguyennd/Documents/file-management/vendor/laravel/framework/src/Illuminate/Container/BoundMethod.php(39): Illuminate\\Container\\BoundMethod::callBoundMethod()
#29 /home/nguyennd/Documents/file-management/vendor/laravel/framework/src/Illuminate/Container/Container.php(596): Illuminate\\Container\\BoundMethod::call()
#30 /home/nguyennd/Documents/file-management/vendor/laravel/framework/src/Illuminate/Foundation/Application.php(869): Illuminate\\Container\\Container->call()
#31 /home/nguyennd/Documents/file-management/vendor/laravel/framework/src/Illuminate/Foundation/Application.php(850): Illuminate\\Foundation\\Application->bootProvider()
#32 [internal function]: Illuminate\\Foundation\\Application->Illuminate\\Foundation\\{closure}()
#33 /home/nguyennd/Documents/file-management/vendor/laravel/framework/src/Illuminate/Foundation/Application.php(851): array_walk()
#34 /home/nguyennd/Documents/file-management/vendor/laravel/framework/src/Illuminate/Foundation/Bootstrap/BootProviders.php(17): Illuminate\\Foundation\\Application->boot()
#35 /home/nguyennd/Documents/file-management/vendor/laravel/framework/src/Illuminate/Foundation/Application.php(230): Illuminate\\Foundation\\Bootstrap\\BootProviders->bootstrap()
#36 /home/nguyennd/Documents/file-management/vendor/laravel/framework/src/Illuminate/Foundation/Console/Kernel.php(310): Illuminate\\Foundation\\Application->bootstrapWith()
#37 /home/nguyennd/Documents/file-management/vendor/laravel/framework/src/Illuminate/Foundation/Console/Kernel.php(127): Illuminate\\Foundation\\Console\\Kernel->bootstrap()
#38 /home/nguyennd/Documents/file-management/artisan(37): Illuminate\\Foundation\\Console\\Kernel->handle()
#39 {main}
"} 
[2020-10-05 08:21:21] laravel.EMERGENCY: Unable to create configured logger. Using emergency logger. {"exception":"[object] (InvalidArgumentException(code: 0): Log [] is not defined. at /home/nguyennd/Documents/file-management/vendor/laravel/framework/src/Illuminate/Log/LogManager.php:192)
[stacktrace]
#0 /home/nguyennd/Documents/file-management/vendor/laravel/framework/src/Illuminate/Log/LogManager.php(118): Illuminate\\Log\\LogManager->resolve()
#1 /home/nguyennd/Documents/file-management/vendor/laravel/framework/src/Illuminate/Log/LogManager.php(98): Illuminate\\Log\\LogManager->get()
#2 /home/nguyennd/Documents/file-management/vendor/laravel/framework/src/Illuminate/Log/LogManager.php(547): Illuminate\\Log\\LogManager->driver()
#3 /home/nguyennd/Documents/file-management/vendor/laravel/framework/src/Illuminate/Foundation/Exceptions/Handler.php(237): Illuminate\\Log\\LogManager->error()
#4 /home/nguyennd/Documents/file-management/vendor/laravel/framework/src/Illuminate/Foundation/Console/Kernel.php(366): Illuminate\\Foundation\\Exceptions\\Handler->report()
#5 /home/nguyennd/Documents/file-management/vendor/laravel/framework/src/Illuminate/Foundation/Console/Kernel.php(131): Illuminate\\Foundation\\Console\\Kernel->reportException()
#6 /home/nguyennd/Documents/file-management/artisan(37): Illuminate\\Foundation\\Console\\Kernel->handle()
#7 {main}
"} 
[2020-10-05 08:21:21] laravel.ERROR: Cache store [] is not defined. {"exception":"[object] (InvalidArgumentException(code: 0): Cache store [] is not defined. at /home/nguyennd/Documents/file-management/vendor/laravel/framework/src/Illuminate/Cache/CacheManager.php:98)
[stacktrace]
#0 /home/nguyennd/Documents/file-management/vendor/laravel/framework/src/Illuminate/Cache/CacheManager.php(82): Illuminate\\Cache\\CacheManager->resolve()
#1 /home/nguyennd/Documents/file-management/vendor/laravel/framework/src/Illuminate/Cache/CacheManager.php(60): Illuminate\\Cache\\CacheManager->get()
#2 /home/nguyennd/Documents/file-management/vendor/laravel/framework/src/Illuminate/Cache/CacheManager.php(71): Illuminate\\Cache\\CacheManager->store()
#3 /home/nguyennd/Documents/file-management/vendor/laravel/framework/src/Illuminate/Cache/CacheServiceProvider.php(23): Illuminate\\Cache\\CacheManager->driver()
#4 /home/nguyennd/Documents/file-management/vendor/laravel/framework/src/Illuminate/Container/Container.php(805): Illuminate\\Cache\\CacheServiceProvider->Illuminate\\Cache\\{closure}()
#5 /home/nguyennd/Documents/file-management/vendor/laravel/framework/src/Illuminate/Container/Container.php(691): Illuminate\\Container\\Container->build()
#6 /home/nguyennd/Documents/file-management/vendor/laravel/framework/src/Illuminate/Foundation/Application.php(796): Illuminate\\Container\\Container->resolve()
#7 /home/nguyennd/Documents/file-management/vendor/laravel/framework/src/Illuminate/Container/Container.php(637): Illuminate\\Foundation\\Application->resolve()
#8 /home/nguyennd/Documents/file-management/vendor/laravel/framework/src/Illuminate/Foundation/Application.php(781): Illuminate\\Container\\Container->make()
#9 /home/nguyennd/Documents/file-management/vendor/laravel/framework/src/Illuminate/Container/Container.php(959): Illuminate\\Foundation\\Application->make()
#10 /home/nguyennd/Documents/file-management/vendor/laravel/framework/src/Illuminate/Container/Container.php(879): Illuminate\\Container\\Container->resolveClass()
#11 /home/nguyennd/Documents/file-management/vendor/laravel/framework/src/Illuminate/Container/Container.php(840): Illuminate\\Container\\Container->resolveDependencies()
#12 /home/nguyennd/Documents/file-management/vendor/laravel/framework/src/Illuminate/Container/Container.php(265): Illuminate\\Container\\Container->build()
#13 /home/nguyennd/Documents/file-management/vendor/laravel/framework/src/Illuminate/Container/Container.php(805): Illuminate\\Container\\Container->Illuminate\\Container\\{closure}()
#14 /home/nguyennd/Documents/file-management/vendor/laravel/framework/src/Illuminate/Container/Container.php(691): Illuminate\\Container\\Container->build()
#15 /home/nguyennd/Documents/file-management/vendor/laravel/framework/src/Illuminate/Foundation/Application.php(796): Illuminate\\Container\\Container->resolve()
#16 /home/nguyennd/Documents/file-management/vendor/laravel/framework/src/Illuminate/Container/Container.php(637): Illuminate\\Foundation\\Application->resolve()
#17 /home/nguyennd/Documents/file-management/vendor/laravel/framework/src/Illuminate/Foundation/Application.php(781): Illuminate\\Container\\Container->make()
#18 /home/nguyennd/Documents/file-management/vendor/laravel/framework/src/Illuminate/Container/Container.php(1280): Illuminate\\Foundation\\Application->make()
#19 /home/nguyennd/Documents/file-management/vendor/laravel/framework/src/Illuminate/Support/Facades/Facade.php(198): Illuminate\\Container\\Container->offsetGet()
#20 /home/nguyennd/Documents/file-management/vendor/laravel/framework/src/Illuminate/Support/Facades/Facade.php(166): Illuminate\\Support\\Facades\\Facade::resolveFacadeInstance()
#21 /home/nguyennd/Documents/file-management/vendor/laravel/framework/src/Illuminate/Support/Facades/Facade.php(255): Illuminate\\Support\\Facades\\Facade::getFacadeRoot()
#22 /home/nguyennd/Documents/file-management/vendor/laravel/laravel/app/Providers/RouteServiceProvider.php(61): Illuminate\\Support\\Facades\\Facade::__callStatic()
#23 /home/nguyennd/Documents/file-management/vendor/laravel/laravel/app/Providers/RouteServiceProvider.php(38): App\\Providers\\RouteServiceProvider->configureRateLimiting()
#24 [internal function]: App\\Providers\\RouteServiceProvider->boot()
#25 /home/nguyennd/Documents/file-management/vendor/laravel/framework/src/Illuminate/Container/BoundMethod.php(37): call_user_func_array()
#26 /home/nguyennd/Documents/file-management/vendor/laravel/framework/src/Illuminate/Container/Util.php(40): Illuminate\\Container\\BoundMethod::Illuminate\\Container\\{closure}()
#27 /home/nguyennd/Documents/file-management/vendor/laravel/framework/src/Illuminate/Container/BoundMethod.php(95): Illuminate\\Container\\Util::unwrapIfClosure()
#28 /home/nguyennd/Documents/file-management/vendor/laravel/framework/src/Illuminate/Container/BoundMethod.php(39): Illuminate\\Container\\BoundMethod::callBoundMethod()
#29 /home/nguyennd/Documents/file-management/vendor/laravel/framework/src/Illuminate/Container/Container.php(596): Illuminate\\Container\\BoundMethod::call()
#30 /home/nguyennd/Documents/file-management/vendor/laravel/framework/src/Illuminate/Foundation/Application.php(869): Illuminate\\Container\\Container->call()
#31 /home/nguyennd/Documents/file-management/vendor/laravel/framework/src/Illuminate/Foundation/Application.php(850): Illuminate\\Foundation\\Application->bootProvider()
#32 [internal function]: Illuminate\\Foundation\\Application->Illuminate\\Foundation\\{closure}()
#33 /home/nguyennd/Documents/file-management/vendor/laravel/framework/src/Illuminate/Foundation/Application.php(851): array_walk()
#34 /home/nguyennd/Documents/file-management/vendor/laravel/framework/src/Illuminate/Foundation/Bootstrap/BootProviders.php(17): Illuminate\\Foundation\\Application->boot()
#35 /home/nguyennd/Documents/file-management/vendor/laravel/framework/src/Illuminate/Foundation/Application.php(230): Illuminate\\Foundation\\Bootstrap\\BootProviders->bootstrap()
#36 /home/nguyennd/Documents/file-management/vendor/laravel/framework/src/Illuminate/Foundation/Console/Kernel.php(310): Illuminate\\Foundation\\Application->bootstrapWith()
#37 /home/nguyennd/Documents/file-management/vendor/laravel/framework/src/Illuminate/Foundation/Console/Kernel.php(127): Illuminate\\Foundation\\Console\\Kernel->bootstrap()
#38 /home/nguyennd/Documents/file-management/artisan(37): Illuminate\\Foundation\\Console\\Kernel->handle()
#39 {main}
"} 
[2020-10-05 08:22:05] production.ERROR: require(/home/nguyennd/Documents/file-management/routes/api.php): failed to open stream: No such file or directory {"exception":"[object] (ErrorException(code: 0): require(/home/nguyennd/Documents/file-management/routes/api.php): failed to open stream: No such file or directory at /home/nguyennd/Documents/file-management/vendor/laravel/framework/src/Illuminate/Routing/RouteFileRegistrar.php:35)
[stacktrace]
#0 /home/nguyennd/Documents/file-management/vendor/laravel/framework/src/Illuminate/Routing/RouteFileRegistrar.php(35): Illuminate\\Foundation\\Bootstrap\\HandleExceptions->handleError()
#1 /home/nguyennd/Documents/file-management/vendor/laravel/framework/src/Illuminate/Routing/RouteFileRegistrar.php(35): require()
#2 /home/nguyennd/Documents/file-management/vendor/laravel/framework/src/Illuminate/Routing/Router.php(423): Illuminate\\Routing\\RouteFileRegistrar->register()
#3 /home/nguyennd/Documents/file-management/vendor/laravel/framework/src/Illuminate/Routing/Router.php(380): Illuminate\\Routing\\Router->loadRoutes()
#4 /home/nguyennd/Documents/file-management/vendor/laravel/framework/src/Illuminate/Routing/RouteRegistrar.php(134): Illuminate\\Routing\\Router->group()
#5 /home/nguyennd/Documents/file-management/vendor/laravel/laravel/app/Providers/RouteServiceProvider.php(44): Illuminate\\Routing\\RouteRegistrar->group()
#6 [internal function]: App\\Providers\\RouteServiceProvider->App\\Providers\\{closure}()
#7 /home/nguyennd/Documents/file-management/vendor/laravel/framework/src/Illuminate/Container/BoundMethod.php(37): call_user_func_array()
#8 /home/nguyennd/Documents/file-management/vendor/laravel/framework/src/Illuminate/Container/Util.php(40): Illuminate\\Container\\BoundMethod::Illuminate\\Container\\{closure}()
#9 /home/nguyennd/Documents/file-management/vendor/laravel/framework/src/Illuminate/Container/BoundMethod.php(83): Illuminate\\Container\\Util::unwrapIfClosure()
#10 /home/nguyennd/Documents/file-management/vendor/laravel/framework/src/Illuminate/Container/BoundMethod.php(39): Illuminate\\Container\\BoundMethod::callBoundMethod()
#11 /home/nguyennd/Documents/file-management/vendor/laravel/framework/src/Illuminate/Container/Container.php(596): Illuminate\\Container\\BoundMethod::call()
#12 /home/nguyennd/Documents/file-management/vendor/laravel/framework/src/Illuminate/Foundation/Support/Providers/RouteServiceProvider.php(120): Illuminate\\Container\\Container->call()
#13 /home/nguyennd/Documents/file-management/vendor/laravel/framework/src/Illuminate/Foundation/Support/Providers/RouteServiceProvider.php(45): Illuminate\\Foundation\\Support\\Providers\\RouteServiceProvider->loadRoutes()
#14 [internal function]: Illuminate\\Foundation\\Support\\Providers\\RouteServiceProvider->Illuminate\\Foundation\\Support\\Providers\\{closure}()
#15 /home/nguyennd/Documents/file-management/vendor/laravel/framework/src/Illuminate/Container/BoundMethod.php(37): call_user_func_array()
#16 /home/nguyennd/Documents/file-management/vendor/laravel/framework/src/Illuminate/Container/Util.php(40): Illuminate\\Container\\BoundMethod::Illuminate\\Container\\{closure}()
#17 /home/nguyennd/Documents/file-management/vendor/laravel/framework/src/Illuminate/Container/BoundMethod.php(83): Illuminate\\Container\\Util::unwrapIfClosure()
#18 /home/nguyennd/Documents/file-management/vendor/laravel/framework/src/Illuminate/Container/BoundMethod.php(39): Illuminate\\Container\\BoundMethod::callBoundMethod()
#19 /home/nguyennd/Documents/file-management/vendor/laravel/framework/src/Illuminate/Container/Container.php(596): Illuminate\\Container\\BoundMethod::call()
#20 /home/nguyennd/Documents/file-management/vendor/laravel/framework/src/Illuminate/Support/ServiceProvider.php(113): Illuminate\\Container\\Container->call()
#21 /home/nguyennd/Documents/file-management/vendor/laravel/framework/src/Illuminate/Foundation/Application.php(872): Illuminate\\Support\\ServiceProvider->callBootedCallbacks()
#22 /home/nguyennd/Documents/file-management/vendor/laravel/framework/src/Illuminate/Foundation/Application.php(850): Illuminate\\Foundation\\Application->bootProvider()
#23 [internal function]: Illuminate\\Foundation\\Application->Illuminate\\Foundation\\{closure}()
#24 /home/nguyennd/Documents/file-management/vendor/laravel/framework/src/Illuminate/Foundation/Application.php(851): array_walk()
#25 /home/nguyennd/Documents/file-management/vendor/laravel/framework/src/Illuminate/Foundation/Bootstrap/BootProviders.php(17): Illuminate\\Foundation\\Application->boot()
#26 /home/nguyennd/Documents/file-management/vendor/laravel/framework/src/Illuminate/Foundation/Application.php(230): Illuminate\\Foundation\\Bootstrap\\BootProviders->bootstrap()
#27 /home/nguyennd/Documents/file-management/vendor/laravel/framework/src/Illuminate/Foundation/Console/Kernel.php(310): Illuminate\\Foundation\\Application->bootstrapWith()
#28 /home/nguyennd/Documents/file-management/vendor/laravel/framework/src/Illuminate/Foundation/Console/Kernel.php(127): Illuminate\\Foundation\\Console\\Kernel->bootstrap()
#29 /home/nguyennd/Documents/file-management/artisan(37): Illuminate\\Foundation\\Console\\Kernel->handle()
#30 {main}
"} 
[2020-10-05 08:22:23] production.ERROR: require(/home/nguyennd/Documents/file-management/routes/api.php): failed to open stream: No such file or directory {"exception":"[object] (ErrorException(code: 0): require(/home/nguyennd/Documents/file-management/routes/api.php): failed to open stream: No such file or directory at /home/nguyennd/Documents/file-management/vendor/laravel/framework/src/Illuminate/Routing/RouteFileRegistrar.php:35)
[stacktrace]
#0 /home/nguyennd/Documents/file-management/vendor/laravel/framework/src/Illuminate/Routing/RouteFileRegistrar.php(35): Illuminate\\Foundation\\Bootstrap\\HandleExceptions->handleError()
#1 /home/nguyennd/Documents/file-management/vendor/laravel/framework/src/Illuminate/Routing/RouteFileRegistrar.php(35): require()
#2 /home/nguyennd/Documents/file-management/vendor/laravel/framework/src/Illuminate/Routing/Router.php(423): Illuminate\\Routing\\RouteFileRegistrar->register()
#3 /home/nguyennd/Documents/file-management/vendor/laravel/framework/src/Illuminate/Routing/Router.php(380): Illuminate\\Routing\\Router->loadRoutes()
#4 /home/nguyennd/Documents/file-management/vendor/laravel/framework/src/Illuminate/Routing/RouteRegistrar.php(134): Illuminate\\Routing\\Router->group()
#5 /home/nguyennd/Documents/file-management/vendor/laravel/laravel/app/Providers/RouteServiceProvider.php(44): Illuminate\\Routing\\RouteRegistrar->group()
#6 [internal function]: App\\Providers\\RouteServiceProvider->App\\Providers\\{closure}()
#7 /home/nguyennd/Documents/file-management/vendor/laravel/framework/src/Illuminate/Container/BoundMethod.php(37): call_user_func_array()
#8 /home/nguyennd/Documents/file-management/vendor/laravel/framework/src/Illuminate/Container/Util.php(40): Illuminate\\Container\\BoundMethod::Illuminate\\Container\\{closure}()
#9 /home/nguyennd/Documents/file-management/vendor/laravel/framework/src/Illuminate/Container/BoundMethod.php(83): Illuminate\\Container\\Util::unwrapIfClosure()
#10 /home/nguyennd/Documents/file-management/vendor/laravel/framework/src/Illuminate/Container/BoundMethod.php(39): Illuminate\\Container\\BoundMethod::callBoundMethod()
#11 /home/nguyennd/Documents/file-management/vendor/laravel/framework/src/Illuminate/Container/Container.php(596): Illuminate\\Container\\BoundMethod::call()
#12 /home/nguyennd/Documents/file-management/vendor/laravel/framework/src/Illuminate/Foundation/Support/Providers/RouteServiceProvider.php(120): Illuminate\\Container\\Container->call()
#13 /home/nguyennd/Documents/file-management/vendor/laravel/framework/src/Illuminate/Foundation/Support/Providers/RouteServiceProvider.php(45): Illuminate\\Foundation\\Support\\Providers\\RouteServiceProvider->loadRoutes()
#14 [internal function]: Illuminate\\Foundation\\Support\\Providers\\RouteServiceProvider->Illuminate\\Foundation\\Support\\Providers\\{closure}()
#15 /home/nguyennd/Documents/file-management/vendor/laravel/framework/src/Illuminate/Container/BoundMethod.php(37): call_user_func_array()
#16 /home/nguyennd/Documents/file-management/vendor/laravel/framework/src/Illuminate/Container/Util.php(40): Illuminate\\Container\\BoundMethod::Illuminate\\Container\\{closure}()
#17 /home/nguyennd/Documents/file-management/vendor/laravel/framework/src/Illuminate/Container/BoundMethod.php(83): Illuminate\\Container\\Util::unwrapIfClosure()
#18 /home/nguyennd/Documents/file-management/vendor/laravel/framework/src/Illuminate/Container/BoundMethod.php(39): Illuminate\\Container\\BoundMethod::callBoundMethod()
#19 /home/nguyennd/Documents/file-management/vendor/laravel/framework/src/Illuminate/Container/Container.php(596): Illuminate\\Container\\BoundMethod::call()
#20 /home/nguyennd/Documents/file-management/vendor/laravel/framework/src/Illuminate/Support/ServiceProvider.php(113): Illuminate\\Container\\Container->call()
#21 /home/nguyennd/Documents/file-management/vendor/laravel/framework/src/Illuminate/Foundation/Application.php(872): Illuminate\\Support\\ServiceProvider->callBootedCallbacks()
#22 /home/nguyennd/Documents/file-management/vendor/laravel/framework/src/Illuminate/Foundation/Application.php(850): Illuminate\\Foundation\\Application->bootProvider()
#23 [internal function]: Illuminate\\Foundation\\Application->Illuminate\\Foundation\\{closure}()
#24 /home/nguyennd/Documents/file-management/vendor/laravel/framework/src/Illuminate/Foundation/Application.php(851): array_walk()
#25 /home/nguyennd/Documents/file-management/vendor/laravel/framework/src/Illuminate/Foundation/Bootstrap/BootProviders.php(17): Illuminate\\Foundation\\Application->boot()
#26 /home/nguyennd/Documents/file-management/vendor/laravel/framework/src/Illuminate/Foundation/Application.php(230): Illuminate\\Foundation\\Bootstrap\\BootProviders->bootstrap()
#27 /home/nguyennd/Documents/file-management/vendor/laravel/framework/src/Illuminate/Foundation/Console/Kernel.php(310): Illuminate\\Foundation\\Application->bootstrapWith()
#28 /home/nguyennd/Documents/file-management/vendor/laravel/framework/src/Illuminate/Foundation/Console/Kernel.php(127): Illuminate\\Foundation\\Console\\Kernel->bootstrap()
#29 /home/nguyennd/Documents/file-management/artisan(37): Illuminate\\Foundation\\Console\\Kernel->handle()
#30 {main}
"} 
